Build started 7/7/2015 5:17:20 PM.
     1>Project "C:\Program Files (x86)\BWAPI\TheArchitectAIModule\TheArchitectAIModule.vcxproj" on node 2 (Build target(s)).
     1>ClCompile:
         C:\Program Files (x86)\Microsoft Visual Studio 12.0\VC\bin\CL.exe /c /I../include /I./Source/economy /Zi /nologo /W3 /WX- /sdl /O2 /Oi /Oy- /GL /D _WINDLL /D _MBCS /Gm- /EHsc /MD /GS /Gy /fp:precise /Zc:wchar_t /Zc:forScope /Fo"Release\\" /Fd"Release\vc120.pdb" /Gd /TP /analyze- /errorReport:prompt Source\Economy\productionmanager.cpp
         productionmanager.cpp
       Link:
         C:\Program Files (x86)\Microsoft Visual Studio 12.0\VC\bin\link.exe /ERRORREPORT:PROMPT /OUT:"C:\Program Files (x86)\BWAPI\Release\ExampleAIModule.dll" /NOLOGO ../lib/BWAPI.lib kernel32.lib user32.lib gdi32.lib winspool.lib comdlg32.lib advapi32.lib shell32.lib ole32.lib oleaut32.lib uuid.lib odbc32.lib odbccp32.lib /MANIFEST /MANIFESTUAC:"level='asInvoker' uiAccess='false'" /manifest:embed /DEBUG /PDB:"C:\Program Files (x86)\BWAPI\Release\ExampleAIModule.pdb" /OPT:REF /OPT:ICF /LTCG /TLBID:1 /DYNAMICBASE /NXCOMPAT /IMPLIB:"C:\Program Files (x86)\BWAPI\Release\ExampleAIModule.lib" /MACHINE:X86 /SAFESEH /DLL Release\TheArchitectAIModule.res
         Release\Dll.obj
         Release\buildmanager.obj
         Release\productionmanager.obj
         Release\resourcemanager.obj
         Release\strategymanager.obj
         Release\TheArchitectAIModule.obj
            Creating library C:\Program Files (x86)\BWAPI\Release\ExampleAIModule.lib and object C:\Program Files (x86)\BWAPI\Release\ExampleAIModule.exp
         Generating code
         Finished generating code
         TheArchitectAIModule.vcxproj -> C:\Program Files (x86)\BWAPI\Release\ExampleAIModule.dll
     1>Done Building Project "C:\Program Files (x86)\BWAPI\TheArchitectAIModule\TheArchitectAIModule.vcxproj" (Build target(s)).

Build succeeded.

Time Elapsed 00:00:04.78
